2025-06-01 11:59:23.182  INFO 17312 --- com.rest.WallpaperxApplication                 : Starting WallpaperxApplication using Java 17.0.8.1 with PID 17312 (C:\Users\Anton\OneDrive\Documentos\VS Code\JAVA\Spring Boot\wallpaperx\target\classes started by Anton in C:\Users\Anton\OneDrive\Documentos\VS Code\JAVA\Spring Boot\wallpaperx)
2025-06-01 11:59:23.188  INFO 17312 --- com.rest.WallpaperxApplication                 : No active profile set, falling back to 1 default profile: "default"
2025-06-01 11:59:23.243  INFO 17312 --- .s.b.d.e.DevToolsPropertyDefaultsPostProcessor : Devtools property defaults active! Set 'spring.devtools.add-properties' to 'false' to disable
2025-06-01 11:59:23.243  INFO 17312 --- .s.b.d.e.DevToolsPropertyDefaultsPostProcessor : For additional web related logging consider setting the 'logging.level.web' property to 'DEBUG'
2025-06-01 11:59:23.963  INFO 17312 --- o.s.d.r.c.RepositoryConfigurationDelegate      : Bootstrapping Spring Data JPA repositories in DEFAULT mode.
2025-06-01 11:59:24.024  INFO 17312 --- o.s.d.r.c.RepositoryConfigurationDelegate      : Finished Spring Data repository scanning in 55 ms. Found 2 JPA repository interfaces.
2025-06-01 11:59:24.703  INFO 17312 --- o.s.boot.web.embedded.tomcat.TomcatWebServer   : Tomcat initialized with port 8081 (http)
2025-06-01 11:59:24.713  INFO 17312 --- org.apache.catalina.core.StandardService       : Starting service [Tomcat]
2025-06-01 11:59:24.713  INFO 17312 --- org.apache.catalina.core.StandardEngine        : Starting Servlet engine: [Apache Tomcat/10.1.41]
2025-06-01 11:59:24.774  INFO 17312 --- o.a.c.c.C.[Tomcat].[localhost].[/]             : Initializing Spring embedded WebApplicationContext
2025-06-01 11:59:24.774  INFO 17312 --- o.s.b.w.s.c.ServletWebServerApplicationContext : Root WebApplicationContext: initialization completed in 1531 ms
2025-06-01 11:59:24.974  INFO 17312 --- org.hibernate.jpa.internal.util.LogHelper      : HHH000204: Processing PersistenceUnitInfo [name: default]
2025-06-01 11:59:25.044  INFO 17312 --- org.hibernate.Version                          : HHH000412: Hibernate ORM core version 6.6.15.Final
2025-06-01 11:59:25.087  INFO 17312 --- o.h.cache.internal.RegionFactoryInitiator      : HHH000026: Second-level cache disabled
2025-06-01 11:59:25.413  INFO 17312 --- o.s.o.j.p.SpringPersistenceUnitInfo            : No LoadTimeWeaver setup: ignoring JPA class transformer
2025-06-01 11:59:25.452  INFO 17312 --- com.zaxxer.hikari.HikariDataSource             : HikariPool-1 - Starting...
2025-06-01 11:59:25.772  INFO 17312 --- com.zaxxer.hikari.pool.HikariPool              : HikariPool-1 - Added connection com.mysql.cj.jdbc.ConnectionImpl@2a68fa8f
2025-06-01 11:59:25.774  INFO 17312 --- com.zaxxer.hikari.HikariDataSource             : HikariPool-1 - Start completed.
2025-06-01 11:59:25.862  WARN 17312 --- org.hibernate.orm.deprecation                  : HHH90000025: MySQLDialect does not need to be specified explicitly using 'hibernate.dialect' (remove the property setting and it will be selected by default)
2025-06-01 11:59:25.891  INFO 17312 --- org.hibernate.orm.connections.pooling          : HHH10001005: Database info:
	Database JDBC URL [Connecting through datasource 'HikariDataSource (HikariPool-1)']
	Database driver: undefined/unknown
	Database version: 8.0.40
	Autocommit mode: undefined/unknown
	Isolation level: undefined/unknown
	Minimum pool size: undefined/unknown
	Maximum pool size: undefined/unknown
2025-06-01 11:59:26.884  INFO 17312 --- o.h.e.t.j.p.internal.JtaPlatformInitiator      : HHH000489: No JTA platform available (set 'hibernate.transaction.jta.platform' to enable JTA platform integration)
2025-06-01 11:59:26.953  WARN 17312 --- o.h.t.s.internal.ExceptionHandlerLoggedImpl    : GenerationTarget encountered exception accepting command : Error executing DDL "
    alter table wallpaper 
       drop 
       foreign key FKaam9ptfxnjtlxi54mbo4r7tc3" via JDBC [Table 'wallpaperx.wallpaper' doesn't exist]
org.hibernate.tool.schema.spi.CommandAcceptanceException: Error executing DDL "
    alter table wallpaper 
       drop 
       foreign key FKaam9ptfxnjtlxi54mbo4r7tc3" via JDBC [Table 'wallpaperx.wallpaper' doesn't exist]
	at org.hibernate.tool.schema.internal.exec.GenerationTargetToDatabase.accept(GenerationTargetToDatabase.java:94)
	at org.hibernate.tool.schema.internal.Helper.applySqlString(Helper.java:233)
	at org.hibernate.tool.schema.internal.Helper.applySqlStrings(Helper.java:217)
	at org.hibernate.tool.schema.internal.SchemaDropperImpl.applyConstraintDropping(SchemaDropperImpl.java:479)
	at org.hibernate.tool.schema.internal.SchemaDropperImpl.dropConstraintsTablesSequences(SchemaDropperImpl.java:245)
	at org.hibernate.tool.schema.internal.SchemaDropperImpl.dropFromMetadata(SchemaDropperImpl.java:218)
	at org.hibernate.tool.schema.internal.SchemaDropperImpl.performDrop(SchemaDropperImpl.java:186)
	at org.hibernate.tool.schema.internal.SchemaDropperImpl.doDrop(SchemaDropperImpl.java:156)
	at org.hibernate.tool.schema.internal.SchemaDropperImpl.doDrop(SchemaDropperImpl.java:116)
	at org.hibernate.tool.schema.spi.SchemaManagementToolCoordinator.performDatabaseAction(SchemaManagementToolCoordinator.java:238)
	at org.hibernate.tool.schema.spi.SchemaManagementToolCoordinator.lambda$process$5(SchemaManagementToolCoordinator.java:144)
	at java.base/java.util.HashMap.forEach(Unknown Source)
	at org.hibernate.tool.schema.spi.SchemaManagementToolCoordinator.process(SchemaManagementToolCoordinator.java:141)
	at org.hibernate.boot.internal.SessionFactoryObserverForSchemaExport.sessionFactoryCreated(SessionFactoryObserverForSchemaExport.java:37)
	at org.hibernate.internal.SessionFactoryObserverChain.sessionFactoryCreated(SessionFactoryObserverChain.java:35)
	at org.hibernate.internal.SessionFactoryImpl.<init>(SessionFactoryImpl.java:324)
	at org.hibernate.boot.internal.SessionFactoryBuilderImpl.build(SessionFactoryBuilderImpl.java:463)
	at org.hibernate.jpa.boot.internal.EntityManagerFactoryBuilderImpl.build(EntityManagerFactoryBuilderImpl.java:1517)
	at org.springframework.orm.jpa.vendor.SpringHibernateJpaPersistenceProvider.createContainerEntityManagerFactory(SpringHibernateJpaPersistenceProvider.java:66)
	at org.springframework.orm.jpa.LocalContainerEntityManagerFactoryBean.createNativeEntityManagerFactory(LocalContainerEntityManagerFactoryBean.java:390)
	at org.springframework.orm.jpa.AbstractEntityManagerFactoryBean.buildNativeEntityManagerFactory(AbstractEntityManagerFactoryBean.java:419)
	at org.springframework.orm.jpa.AbstractEntityManagerFactoryBean.afterPropertiesSet(AbstractEntityManagerFactoryBean.java:400)
	at org.springframework.orm.jpa.LocalContainerEntityManagerFactoryBean.afterPropertiesSet(LocalContainerEntityManagerFactoryBean.java:366)
	at org.springframework.beans.factory.support.AbstractAutowireCapableBeanFactory.invokeInitMethods(AbstractAutowireCapableBeanFactory.java:1873)
	at org.springframework.beans.factory.support.AbstractAutowireCapableBeanFactory.initializeBean(AbstractAutowireCapableBeanFactory.java:1822)
	at org.springframework.beans.factory.support.AbstractAutowireCapableBeanFactory.doCreateBean(AbstractAutowireCapableBeanFactory.java:607)
	at org.springframework.beans.factory.support.AbstractAutowireCapableBeanFactory.createBean(AbstractAutowireCapableBeanFactory.java:529)
	at org.springframework.beans.factory.support.AbstractBeanFactory.lambda$doGetBean$0(AbstractBeanFactory.java:339)
	at org.springframework.beans.factory.support.DefaultSingletonBeanRegistry.getSingleton(DefaultSingletonBeanRegistry.java:373)
	at org.springframework.beans.factory.support.AbstractBeanFactory.doGetBean(AbstractBeanFactory.java:337)
	at org.springframework.beans.factory.support.AbstractBeanFactory.getBean(AbstractBeanFactory.java:207)
	at org.springframework.context.support.AbstractApplicationContext.finishBeanFactoryInitialization(AbstractApplicationContext.java:970)
	at org.springframework.context.support.AbstractApplicationContext.refresh(AbstractApplicationContext.java:627)
	at org.springframework.boot.web.servlet.context.ServletWebServerApplicationContext.refresh(ServletWebServerApplicationContext.java:146)
	at org.springframework.boot.SpringApplication.refresh(SpringApplication.java:753)
	at org.springframework.boot.SpringApplication.refreshContext(SpringApplication.java:439)
	at org.springframework.boot.SpringApplication.run(SpringApplication.java:318)
	at org.springframework.boot.SpringApplication.run(SpringApplication.java:1362)
	at org.springframework.boot.SpringApplication.run(SpringApplication.java:1351)
	at com.rest.WallpaperxApplication.main(WallpaperxApplication.java:10)
	at java.base/jdk.internal.reflect.NativeMethodAccessorImpl.invoke0(Native Method)
	at java.base/jdk.internal.reflect.NativeMethodAccessorImpl.invoke(Unknown Source)
	at java.base/jdk.internal.reflect.DelegatingMethodAccessorImpl.invoke(Unknown Source)
	at java.base/java.lang.reflect.Method.invoke(Unknown Source)
	at org.springframework.boot.devtools.restart.RestartLauncher.run(RestartLauncher.java:50)
Caused by: java.sql.SQLSyntaxErrorException: Table 'wallpaperx.wallpaper' doesn't exist
	at com.mysql.cj.jdbc.exceptions.SQLError.createSQLException(SQLError.java:112)
	at com.mysql.cj.jdbc.exceptions.SQLExceptionsMapping.translateException(SQLExceptionsMapping.java:114)
	at com.mysql.cj.jdbc.StatementImpl.executeInternal(StatementImpl.java:837)
	at com.mysql.cj.jdbc.StatementImpl.execute(StatementImpl.java:685)
	at com.zaxxer.hikari.pool.ProxyStatement.execute(ProxyStatement.java:95)
	at com.zaxxer.hikari.pool.HikariProxyStatement.execute(HikariProxyStatement.java)
	at org.hibernate.tool.schema.internal.exec.GenerationTargetToDatabase.accept(GenerationTargetToDatabase.java:80)
	... 44 common frames omitted
2025-06-01 11:59:27.213  INFO 17312 --- o.s.o.j.LocalContainerEntityManagerFactoryBean : Initialized JPA EntityManagerFactory for persistence unit 'default'
2025-06-01 11:59:27.473  INFO 17312 --- o.s.d.j.repository.query.QueryEnhancerFactory  : Hibernate is in classpath; If applicable, HQL parser will be used.
2025-06-01 11:59:28.042  WARN 17312 --- a.o.j.JpaBaseConfiguration$JpaWebConfiguration : spring.jpa.open-in-view is enabled by default. Therefore, database queries may be performed during view rendering. Explicitly configure spring.jpa.open-in-view to disable this warning
2025-06-01 11:59:28.382  INFO 17312 --- o.s.b.d.a.OptionalLiveReloadServer             : LiveReload server is running on port 35729
2025-06-01 11:59:28.413  INFO 17312 --- o.s.boot.web.embedded.tomcat.TomcatWebServer   : Tomcat started on port 8081 (http) with context path '/'
2025-06-01 11:59:28.423  INFO 17312 --- com.rest.WallpaperxApplication                 : Started WallpaperxApplication in 5.861 seconds (process running for 6.242)
2025-06-01 11:59:44.804  INFO 17312 --- o.a.c.c.C.[Tomcat].[localhost].[/]             : Initializing Spring DispatcherServlet 'dispatcherServlet'
2025-06-01 11:59:44.804  INFO 17312 --- o.s.web.servlet.DispatcherServlet              : Initializing Servlet 'dispatcherServlet'
2025-06-01 11:59:44.811  INFO 17312 --- o.s.web.servlet.DispatcherServlet              : Completed initialization in 6 ms
2025-06-01 12:00:22.936  INFO 17312 --- o.s.boot.web.embedded.tomcat.GracefulShutdown  : Commencing graceful shutdown. Waiting for active requests to complete
2025-06-01 12:00:23.097  INFO 17312 --- o.s.boot.web.embedded.tomcat.GracefulShutdown  : Graceful shutdown complete
2025-06-01 12:00:23.100  INFO 17312 --- o.s.o.j.LocalContainerEntityManagerFactoryBean : Closing JPA EntityManagerFactory for persistence unit 'default'
2025-06-01 12:00:23.162  INFO 17312 --- com.zaxxer.hikari.HikariDataSource             : HikariPool-1 - Shutdown initiated...
2025-06-01 12:00:23.171  INFO 17312 --- com.zaxxer.hikari.HikariDataSource             : HikariPool-1 - Shutdown completed.
